<?xml version="1.0" encoding="UTF-8"?>
<!-- Generated by org.testng.reporters.JUnitReportReporter -->
<testsuite hostname="Lenovo" name="DBS_testCases.testCases" tests="4" failures="0" timestamp="12 Apr 2021 12:21:14 GMT" time="110.636" errors="0">
  <testcase name="toTestHomepage" time="0.168" classname="DBS_testCases.testCases"/>
  <testcase name="toCompare_creditcards" time="78.738" classname="DBS_testCases.testCases"/>
  <testcase name="toAssertCardDetails" time="0.258" classname="DBS_testCases.testCases"/>
  <testcase name="toClick_Card" time="31.472" classname="DBS_testCases.testCases"/>
</testsuite> <!-- DBS_testCases.testCases -->
