<?xml version="1.0" encoding="UTF-8"?>
<!-- Generated by org.testng.reporters.JUnitReportReporter -->
<testsuite hostname="Lenovo" name="example.NewTest" tests="1" failures="0" timestamp="12 Apr 2021 02:27:18 GMT" time="324.462" errors="0">
  <testcase name="testBrowser" time="324.462" classname="example.NewTest"/>
</testsuite> <!-- example.NewTest -->
